<?xml version="1.0" encoding="UTF-8"?>
<!-- Generated by org.testng.reporters.JUnitReportReporter -->
<testsuite hostname="LAPTOP-PDD1PVNG" failures="0" tests="1" name="com.restassured.RestAssuredd" time="2.526" errors="0" timestamp="2022-09-22T16:18:52 IST" skipped="0">
  <testcase classname="com.restassured.RestAssuredd" name="get" time="2.526"/>
  <system-out/>
</testsuite> <!-- com.restassured.RestAssuredd -->
